
@----------------------------------------------------------@
|        PLINK!       |     v1.07      |   10/Aug/2009     |
|----------------------------------------------------------|
|  (C) 2009 Shaun Purcell, GNU General Public License, v2  |
|----------------------------------------------------------|
|  For documentation, citation & bug-report instructions:  |
|        http://pngu.mgh.harvard.edu/purcell/plink/        |
@----------------------------------------------------------@

Web-based version check ( --noweb to skip )
Recent cached web-check found... OK, v1.07 is current

+++ PLINK 1.9 is now available! See above website for details +++ 

Writing this text to log file [ SORCS2.CM.log ]
Analysis started: Tue Nov 17 13:43:12 2015

Options in effect:
	--lfile SORCS2.CM
	--hap-window 4
	--hap-logistic
	--covar SORCS2.CM_cov.txt
	--covar-name RS,AUT,NCRAD,NW,SEX,Age,APOE4dose,APOE2dose
	--ci 0.95
	--mhf 0.005
	--hap-omnibus
	--out SORCS2.CM

** For gPLINK compatibility, do not use '.' in --out **

ERROR: No file [ SORCS2.CM.map ] exists.
